Added Component: Designator=Display(HDR1X4)
Add component (AddParameter): Name = "LatestRevisionDate"; Value = "17-Jul-2002"; VariantName = "[No Variations]"
Add component (AddParameter): Name = "LatestRevisionNote"; Value = "Re-released for DXP Platform."; VariantName = "[No Variations]"
Add component (AddParameter): Name = "Publisher"; Value = "Altium Limited"; VariantName = "[No Variations]"
Add Component: Footprint Not Found MODULE_ESP32-C3_SUPERMINI
Added Component: Designator=Sensor(HDR1X4)
Add component (AddParameter): Name = "LatestRevisionDate"; Value = "17-Jul-2002"; VariantName = "[No Variations]"
Add component (AddParameter): Name = "LatestRevisionNote"; Value = "Re-released for DXP Platform."; VariantName = "[No Variations]"
Add component (AddParameter): Name = "Publisher"; Value = "Altium Limited"; VariantName = "[No Variations]"
Added Pin To Net: NetName=NetDisplay_1 Pin=Display-1
Added Pin To Net: NetName=NetDisplay_2 Pin=Display-2
Added Pin To Net: NetName=NetDisplay_3 Pin=Display-3
Added Pin To Net: NetName=NetDisplay_4 Pin=Display-4
Add Pin To Net: Unknown Pin: Pin ESP32-3.3
Add Pin To Net: Unknown Pin: Pin ESP32-8
Add Pin To Net: Unknown Pin: Pin ESP32-9
Add Pin To Net: Unknown Pin: Pin ESP32-G
Added Pin To Net: NetName=NetDisplay_2 Pin=Sensor-1
Added Pin To Net: NetName=NetDisplay_1 Pin=Sensor-2
Added Pin To Net: NetName=NetDisplay_3 Pin=Sensor-3
Added Pin To Net: NetName=NetDisplay_4 Pin=Sensor-4
Added Member To Class: ClassName=airsensor Member=Component Display Header 4
Add Class Member: Failed to add class member : Component ESP32 ESP32-C3_SUPERMINI_TH
Added Member To Class: ClassName=airsensor Member=Component Sensor Header 4
Added Room: Name=airsensor
